# JRE version: Java(TM) SE Runtime Environment (8.0_65-b17) (build 1.8.0_65-b17)
# Java VM: Java HotSpot(TM) 64-Bit Server VM (25.65-b01 mixed mode windows-amd64 compressed oops)
Heap:
 PSYoungGen      total 163328K, used 94528K [0x00000000eab00000, 0x00000000fa100000, 0x0000000100000000)
  eden space 142336K, 51% used [0x00000000eab00000,0x00000000ef2d13d0,0x00000000f3600000)
  from space 20992K, 99% used [0x00000000f8c80000,0x00000000fa0fed20,0x00000000fa100000)
  to   space 25088K, 0% used [0x00000000f7000000,0x00000000f7000000,0x00000000f8880000)
 ParOldGen       total 69632K, used 37053K [0x00000000c0000000, 0x00000000c4400000, 0x00000000eab00000)
  object space 69632K, 53% used [0x00000000c0000000,0x00000000c242f460,0x00000000c4400000)
 Metaspace       used 6728K, capacity 7512K, committed 7680K, reserved 1056768K
  class space    used 634K, capacity 656K, committed 768K, reserved 1048576K
GC Heap History (10 events):
Event: 6.747 GC heap before
{Heap before GC invocations=5 (full 0):
 PSYoungGen      total 55296K, used 55277K [0x00000000eab00000, 0x00000000ee300000, 0x0000000100000000)
  eden space 53248K, 100% used [0x00000000eab00000,0x00000000edf00000,0x00000000edf00000)
  from space 2048K, 99% used [0x00000000ee100000,0x00000000ee2fb790,0x00000000ee300000)
  to   space 2048K, 0% used [0x00000000edf00000,0x00000000edf00000,0x00000000ee100000)
 ParOldGen       total 35840K, used 13037K [0x00000000c0000000, 0x00000000c2300000, 0x00000000eab00000)
  object space 35840K, 36% used [0x00000000c0000000,0x00000000c0cbb658,0x00000000c2300000)
 Metaspace       used 6173K, capacity 7088K, committed 7296K, reserved 1056768K
  class space    used 595K, capacity 616K, committed 640K, reserved 1048576K
Event: 6.817 GC heap after
Heap after GC invocations=5 (full 0):
 PSYoungGen      total 55296K, used 2044K [0x00000000eab00000, 0x00000000f2800000, 0x0000000100000000)
  eden space 53248K, 0% used [0x00000000eab00000,0x00000000eab00000,0x00000000edf00000)
  from space 2048K, 99% used [0x00000000edf00000,0x00000000ee0ff200,0x00000000ee100000)
  to   space 10752K, 0% used [0x00000000f1d80000,0x00000000f1d80000,0x00000000f2800000)
 ParOldGen       total 35840K, used 21795K [0x00000000c0000000, 0x00000000c2300000, 0x00000000eab00000)
  object space 35840K, 60% used [0x00000000c0000000,0x00000000c1548ec8,0x00000000c2300000)
 Metaspace       used 6173K, capacity 7088K, committed 7296K, reserved 1056768K
  class space    used 595K, capacity 616K, committed 640K, reserved 1048576K
}
Event: 7.976 GC heap before
{Heap before GC invocations=6 (full 0):
 PSYoungGen      total 55296K, used 55292K [0x00000000eab00000, 0x00000000f2800000, 0x0000000100000000)
  eden space 53248K, 100% used [0x00000000eab00000,0x00000000edf00000,0x00000000edf00000)
  from space 2048K, 99% used [0x00000000edf00000,0x00000000ee0ff200,0x00000000ee100000)
  to   space 10752K, 0% used [0x00000000f1d80000,0x00000000f1d80000,0x00000000f2800000)
 ParOldGen       total 35840K, used 21795K [0x00000000c0000000, 0x00000000c2300000, 0x00000000eab00000)
  object space 35840K, 60% used [0x00000000c0000000,0x00000000c1548ec8,0x00000000c2300000)
 Metaspace       used 6309K, capacity 7192K, committed 7424K, reserved 1056768K
  class space    used 616K, capacity 656K, committed 768K, reserved 1048576K
Event: 8.049 GC heap after
Heap after GC invocations=6 (full 0):
 PSYoungGen      total 115712K, used 10506K [0x00000000eab00000, 0x00000000f2b00000, 0x0000000100000000)
  eden space 104960K, 0% used [0x00000000eab00000,0x00000000eab00000,0x00000000f1180000)
  from space 10752K, 97% used [0x00000000f1d80000,0x00000000f27c2b00,0x00000000f2800000)
  to   space 12288K, 0% used [0x00000000f1180000,0x00000000f1180000,0x00000000f1d80000)
 ParOldGen       total 35840K, used 21795K [0x00000000c0000000, 0x00000000c2300000, 0x00000000eab00000)
  object space 35840K, 60% used [0x00000000c0000000,0x00000000c1548ec8,0x00000000c2300000)
 Metaspace       used 6309K, capacity 7192K, committed 7424K, reserved 1056768K
  class space    used 616K, capacity 656K, committed 768K, reserved 1048576K
}
Event: 10.115 GC heap before
{Heap before GC invocations=7 (full 0):
 PSYoungGen      total 115712K, used 115466K [0x00000000eab00000, 0x00000000f2b00000, 0x0000000100000000)
  eden space 104960K, 100% used [0x00000000eab00000,0x00000000f1180000,0x00000000f1180000)
  from space 10752K, 97% used [0x00000000f1d80000,0x00000000f27c2b00,0x00000000f2800000)
  to   space 12288K, 0% used [0x00000000f1180000,0x00000000f1180000,0x00000000f1d80000)
 ParOldGen       total 35840K, used 21795K [0x00000000c0000000, 0x00000000c2300000, 0x00000000eab00000)
  object space 35840K, 60% used [0x00000000c0000000,0x00000000c1548ec8,0x00000000c2300000)
 Metaspace       used 6387K, capacity 7256K, committed 7424K, reserved 1056768K
  class space    used 616K, capacity 656K, committed 768K, reserved 1048576K
Event: 10.310 GC heap after
Heap after GC invocations=7 (full 0):
 PSYoungGen      total 117248K, used 12285K [0x00000000eab00000, 0x00000000fa100000, 0x0000000100000000)
  eden space 104960K, 0% used [0x00000000eab00000,0x00000000eab00000,0x00000000f1180000)
  from space 12288K, 99% used [0x00000000f1180000,0x00000000f1d7f420,0x00000000f1d80000)
  to   space 20992K, 0% used [0x00000000f8c80000,0x00000000f8c80000,0x00000000fa100000)
 ParOldGen       total 35840K, used 34675K [0x00000000c0000000, 0x00000000c2300000, 0x00000000eab00000)
  object space 35840K, 96% used [0x00000000c0000000,0x00000000c21dce40,0x00000000c2300000)
 Metaspace       used 6387K, capacity 7256K, committed 7424K, reserved 1056768K
  class space    used 616K, capacity 656K, committed 768K, reserved 1048576K
}
Event: 10.310 GC heap before
{Heap before GC invocations=8 (full 1):
 PSYoungGen      total 117248K, used 12285K [0x00000000eab00000, 0x00000000fa100000, 0x0000000100000000)
  eden space 104960K, 0% used [0x00000000eab00000,0x00000000eab00000,0x00000000f1180000)
  from space 12288K, 99% used [0x00000000f1180000,0x00000000f1d7f420,0x00000000f1d80000)
  to   space 20992K, 0% used [0x00000000f8c80000,0x00000000f8c80000,0x00000000fa100000)
 ParOldGen       total 35840K, used 34675K [0x00000000c0000000, 0x00000000c2300000, 0x00000000eab00000)
  object space 35840K, 96% used [0x00000000c0000000,0x00000000c21dce40,0x00000000c2300000)
 Metaspace       used 6387K, capacity 7256K, committed 7424K, reserved 1056768K
  class space    used 616K, capacity 656K, committed 768K, reserved 1048576K
Event: 11.570 GC heap after
Heap after GC invocations=8 (full 1):
 PSYoungGen      total 117248K, used 7127K [0x00000000eab00000, 0x00000000fa100000, 0x0000000100000000)
  eden space 104960K, 0% used [0x00000000eab00000,0x00000000eab00000,0x00000000f1180000)
  from space 12288K, 58% used [0x00000000f1180000,0x00000000f1875e40,0x00000000f1d80000)
  to   space 20992K, 0% used [0x00000000f8c80000,0x00000000f8c80000,0x00000000fa100000)
 ParOldGen       total 69632K, used 35658K [0x00000000c0000000, 0x00000000c4400000, 0x00000000eab00000)
  object space 69632K, 51% used [0x00000000c0000000,0x00000000c22d2820,0x00000000c4400000)
 Metaspace       used 6387K, capacity 7256K, committed 7424K, reserved 1056768K
  class space    used 616K, capacity 656K, committed 768K, reserved 1048576K
}
Event: 12.750 GC heap before
{Heap before GC invocations=9 (full 1):
 PSYoungGen      total 117248K, used 112087K [0x00000000eab00000, 0x00000000fa100000, 0x0000000100000000)
  eden space 104960K, 100% used [0x00000000eab00000,0x00000000f1180000,0x00000000f1180000)
  from space 12288K, 58% used [0x00000000f1180000,0x00000000f1875e40,0x00000000f1d80000)
  to   space 20992K, 0% used [0x00000000f8c80000,0x00000000f8c80000,0x00000000fa100000)
 ParOldGen       total 69632K, used 35658K [0x00000000c0000000, 0x00000000c4400000, 0x00000000eab00000)
  object space 69632K, 51% used [0x00000000c0000000,0x00000000c22d2820,0x00000000c4400000)
 Metaspace       used 6418K, capacity 7256K, committed 7424K, reserved 1056768K
  class space    used 616K, capacity 656K, committed 768K, reserved 1048576K
Event: 12.863 GC heap after
Heap after GC invocations=9 (full 1):
 PSYoungGen      total 163328K, used 20987K [0x00000000eab00000, 0x00000000fa100000, 0x0000000100000000)
  eden space 142336K, 0% used [0x00000000eab00000,0x00000000eab00000,0x00000000f3600000)
  from space 20992K, 99% used [0x00000000f8c80000,0x00000000fa0fed20,0x00000000fa100000)
  to   space 25088K, 0% used [0x00000000f7000000,0x00000000f7000000,0x00000000f8880000)
 ParOldGen       total 69632K, used 37053K [0x00000000c0000000, 0x00000000c4400000, 0x00000000eab00000)
  object space 69632K, 53% used [0x00000000c0000000,0x00000000c242f460,0x00000000c4400000)
 Metaspace       used 6418K, capacity 7256K, committed 7424K, reserved 1056768K
  class space    used 616K, capacity 656K, committed 768K, reserved 1048576K
}

