# JRE version: Java(TM) SE Runtime Environment (8.0_65-b17) (build 1.8.0_65-b17)
# Java VM: Java HotSpot(TM) 64-Bit Server VM (25.65-b01 mixed mode windows-amd64 compressed oops)
Heap:
 PSYoungGen      total 156672K, used 73313K [0x00000000eab00000, 0x00000000fa280000, 0x0000000100000000)
  eden space 118784K, 29% used [0x00000000eab00000,0x00000000ecdb6098,0x00000000f1f00000)
  from space 37888K, 99% used [0x00000000f7d80000,0x00000000fa2624c8,0x00000000fa280000)
  to   space 59904K, 0% used [0x00000000f2d80000,0x00000000f2d80000,0x00000000f6800000)
 ParOldGen       total 139776K, used 84429K [0x00000000c0000000, 0x00000000c8880000, 0x00000000eab00000)
  object space 139776K, 60% used [0x00000000c0000000,0x00000000c52737a0,0x00000000c8880000)
 Metaspace       used 6291K, capacity 7192K, committed 7424K, reserved 1056768K
  class space    used 615K, capacity 656K, committed 768K, reserved 1048576K
GC Heap History (10 events):
Event: 21.799 GC heap before
{Heap before GC invocations=6 (full 1):
 PSYoungGen      total 55296K, used 2016K [0x00000000eab00000, 0x00000000f4e00000, 0x0000000100000000)
  eden space 53248K, 0% used [0x00000000eab00000,0x00000000eab00000,0x00000000edf00000)
  from space 2048K, 98% used [0x00000000edf00000,0x00000000ee0f8010,0x00000000ee100000)
  to   space 30208K, 0% used [0x00000000f3080000,0x00000000f3080000,0x00000000f4e00000)
 ParOldGen       total 52736K, used 51954K [0x00000000c0000000, 0x00000000c3380000, 0x00000000eab00000)
  object space 52736K, 98% used [0x00000000c0000000,0x00000000c32bc810,0x00000000c3380000)
 Metaspace       used 6127K, capacity 7088K, committed 7296K, reserved 1056768K
  class space    used 594K, capacity 616K, committed 640K, reserved 1048576K
Event: 22.869 GC heap after
Heap after GC invocations=6 (full 1):
 PSYoungGen      total 55296K, used 0K [0x00000000eab00000, 0x00000000f4e00000, 0x0000000100000000)
  eden space 53248K, 0% used [0x00000000eab00000,0x00000000eab00000,0x00000000edf00000)
  from space 2048K, 0% used [0x00000000edf00000,0x00000000edf00000,0x00000000ee100000)
  to   space 30208K, 0% used [0x00000000f3080000,0x00000000f3080000,0x00000000f4e00000)
 ParOldGen       total 84480K, used 39506K [0x00000000c0000000, 0x00000000c5280000, 0x00000000eab00000)
  object space 84480K, 46% used [0x00000000c0000000,0x00000000c26949a8,0x00000000c5280000)
 Metaspace       used 6127K, capacity 7088K, committed 7296K, reserved 1056768K
  class space    used 594K, capacity 616K, committed 640K, reserved 1048576K
}
Event: 22.992 GC heap before
{Heap before GC invocations=7 (full 1):
 PSYoungGen      total 55296K, used 53248K [0x00000000eab00000, 0x00000000f4e00000, 0x0000000100000000)
  eden space 53248K, 100% used [0x00000000eab00000,0x00000000edf00000,0x00000000edf00000)
  from space 2048K, 0% used [0x00000000edf00000,0x00000000edf00000,0x00000000ee100000)
  to   space 30208K, 0% used [0x00000000f3080000,0x00000000f3080000,0x00000000f4e00000)
 ParOldGen       total 84480K, used 39506K [0x00000000c0000000, 0x00000000c5280000, 0x00000000eab00000)
  object space 84480K, 46% used [0x00000000c0000000,0x00000000c26949a8,0x00000000c5280000)
 Metaspace       used 6127K, capacity 7088K, committed 7296K, reserved 1056768K
  class space    used 594K, capacity 616K, committed 640K, reserved 1048576K
Event: 23.093 GC heap after
Heap after GC invocations=7 (full 1):
 PSYoungGen      total 121856K, used 30194K [0x00000000eab00000, 0x00000000f5480000, 0x0000000100000000)
  eden space 91648K, 0% used [0x00000000eab00000,0x00000000eab00000,0x00000000f0480000)
  from space 30208K, 99% used [0x00000000f3080000,0x00000000f4dfcb88,0x00000000f4e00000)
  to   space 40960K, 0% used [0x00000000f0480000,0x00000000f0480000,0x00000000f2c80000)
 ParOldGen       total 84480K, used 45586K [0x00000000c0000000, 0x00000000c5280000, 0x00000000eab00000)
  object space 84480K, 53% used [0x00000000c0000000,0x00000000c2c849a8,0x00000000c5280000)
 Metaspace       used 6127K, capacity 7088K, committed 7296K, reserved 1056768K
  class space    used 594K, capacity 616K, committed 640K, reserved 1048576K
}
Event: 25.412 GC heap before
{Heap before GC invocations=8 (full 1):
 PSYoungGen      total 121856K, used 121842K [0x00000000eab00000, 0x00000000f5480000, 0x0000000100000000)
  eden space 91648K, 100% used [0x00000000eab00000,0x00000000f0480000,0x00000000f0480000)
  from space 30208K, 99% used [0x00000000f3080000,0x00000000f4dfcb88,0x00000000f4e00000)
  to   space 40960K, 0% used [0x00000000f0480000,0x00000000f0480000,0x00000000f2c80000)
 ParOldGen       total 84480K, used 45586K [0x00000000c0000000, 0x00000000c5280000, 0x00000000eab00000)
  object space 84480K, 53% used [0x00000000c0000000,0x00000000c2c849a8,0x00000000c5280000)
 Metaspace       used 6137K, capacity 7088K, committed 7296K, reserved 1056768K
  class space    used 595K, capacity 616K, committed 640K, reserved 1048576K
Event: 25.798 GC heap after
Heap after GC invocations=8 (full 1):
 PSYoungGen      total 132608K, used 40959K [0x00000000eab00000, 0x00000000fb500000, 0x0000000100000000)
  eden space 91648K, 0% used [0x00000000eab00000,0x00000000eab00000,0x00000000f0480000)
  from space 40960K, 99% used [0x00000000f0480000,0x00000000f2c7fda0,0x00000000f2c80000)
  to   space 56832K, 0% used [0x00000000f7d80000,0x00000000f7d80000,0x00000000fb500000)
 ParOldGen       total 84480K, used 60112K [0x00000000c0000000, 0x00000000c5280000, 0x00000000eab00000)
  object space 84480K, 71% used [0x00000000c0000000,0x00000000c3ab4250,0x00000000c5280000)
 Metaspace       used 6137K, capacity 7088K, committed 7296K, reserved 1056768K
  class space    used 595K, capacity 616K, committed 640K, reserved 1048576K
}
Event: 25.798 GC heap before
{Heap before GC invocations=9 (full 2):
 PSYoungGen      total 132608K, used 40959K [0x00000000eab00000, 0x00000000fb500000, 0x0000000100000000)
  eden space 91648K, 0% used [0x00000000eab00000,0x00000000eab00000,0x00000000f0480000)
  from space 40960K, 99% used [0x00000000f0480000,0x00000000f2c7fda0,0x00000000f2c80000)
  to   space 56832K, 0% used [0x00000000f7d80000,0x00000000f7d80000,0x00000000fb500000)
 ParOldGen       total 84480K, used 60112K [0x00000000c0000000, 0x00000000c5280000, 0x00000000eab00000)
  object space 84480K, 71% used [0x00000000c0000000,0x00000000c3ab4250,0x00000000c5280000)
 Metaspace       used 6137K, capacity 7088K, committed 7296K, reserved 1056768K
  class space    used 595K, capacity 616K, committed 640K, reserved 1048576K
Event: 28.477 GC heap after
Heap after GC invocations=9 (full 2):
 PSYoungGen      total 132608K, used 12556K [0x00000000eab00000, 0x00000000fb500000, 0x0000000100000000)
  eden space 91648K, 0% used [0x00000000eab00000,0x00000000eab00000,0x00000000f0480000)
  from space 40960K, 30% used [0x00000000f0480000,0x00000000f10c33b0,0x00000000f2c80000)
  to   space 56832K, 0% used [0x00000000f7d80000,0x00000000f7d80000,0x00000000fb500000)
 ParOldGen       total 139776K, used 84421K [0x00000000c0000000, 0x00000000c8880000, 0x00000000eab00000)
  object space 139776K, 60% used [0x00000000c0000000,0x00000000c52717a0,0x00000000c8880000)
 Metaspace       used 6137K, capacity 7088K, committed 7296K, reserved 1056768K
  class space    used 595K, capacity 616K, committed 640K, reserved 1048576K
}
Event: 32.304 GC heap before
{Heap before GC invocations=10 (full 2):
 PSYoungGen      total 132608K, used 104204K [0x00000000eab00000, 0x00000000fb500000, 0x0000000100000000)
  eden space 91648K, 100% used [0x00000000eab00000,0x00000000f0480000,0x00000000f0480000)
  from space 40960K, 30% used [0x00000000f0480000,0x00000000f10c33b0,0x00000000f2c80000)
  to   space 56832K, 0% used [0x00000000f7d80000,0x00000000f7d80000,0x00000000fb500000)
 ParOldGen       total 139776K, used 84421K [0x00000000c0000000, 0x00000000c8880000, 0x00000000eab00000)
  object space 139776K, 60% used [0x00000000c0000000,0x00000000c52717a0,0x00000000c8880000)
 Metaspace       used 6283K, capacity 7192K, committed 7424K, reserved 1056768K
  class space    used 615K, capacity 656K, committed 768K, reserved 1048576K
Event: 32.688 GC heap after
Heap after GC invocations=10 (full 2):
 PSYoungGen      total 156672K, used 37769K [0x00000000eab00000, 0x00000000fa280000, 0x0000000100000000)
  eden space 118784K, 0% used [0x00000000eab00000,0x00000000eab00000,0x00000000f1f00000)
  from space 37888K, 99% used [0x00000000f7d80000,0x00000000fa2624c8,0x00000000fa280000)
  to   space 59904K, 0% used [0x00000000f2d80000,0x00000000f2d80000,0x00000000f6800000)
 ParOldGen       total 139776K, used 84429K [0x00000000c0000000, 0x00000000c8880000, 0x00000000eab00000)
  object space 139776K, 60% used [0x00000000c0000000,0x00000000c52737a0,0x00000000c8880000)
 Metaspace       used 6283K, capacity 7192K, committed 7424K, reserved 1056768K
  class space    used 615K, capacity 656K, committed 768K, reserved 1048576K
}

